TN:
SF:/home/ma/src/test/main.c
FN:5,main
FNDA:176,main
FNF:1
FNH:1
DA:5,176
DA:6,176
DA:7,3344
DA:8,1408
DA:9,1056
DA:10,528
DA:11,352
DA:16,1772
DA:17,1771
DA:18,1771
DA:19,1596
DA:20,1596
DA:23,1
LF:13
LH:13
end_of_record
TN:
SF:/home/ma/src/memcmp.c
FN:8,s21_memcmp
FNDA:10,s21_memcmp
FNF:1
FNH:1
DA:8,10
DA:10,10
DA:12,10
DA:13,10
DA:15,54
DA:16,44
DA:17,2
DA:18,42
DA:19,1
DA:22,10
LF:10
LH:10
end_of_record
TN:
SF:/home/ma/src/memcpy.c
FN:11,s21_memcpy
FNDA:10,s21_memcpy
FNF:1
FNH:1
DA:11,10
DA:13,10051
DA:14,10041
DA:16,10
LF:4
LH:4
end_of_record
TN:
SF:/home/ma/src/memset.c
FN:13,s21_memset
FNDA:9,s21_memset
FNF:1
FNH:1
DA:13,9
DA:15,51
DA:16,42
DA:18,9
LF:4
LH:4
end_of_record
TN:
SF:/home/ma/src/s21_insert.c
FN:13,s21_insert
FNDA:10,s21_insert
FNF:1
FNH:1
DA:13,10
DA:14,10
DA:16,10
DA:17,10
DA:18,10
DA:20,10
DA:21,10
DA:23,10
DA:24,8
DA:25,8
DA:27,30
DA:28,22
DA:32,34
DA:33,26
DA:37,44
DA:38,36
DA:41,8
DA:46,10
LF:18
LH:18
end_of_record
TN:
SF:/home/ma/src/s21_memchr.c
FN:13,s21_memchr
FNDA:11,s21_memchr
FNF:1
FNH:1
DA:13,11
DA:14,11
DA:15,86
DA:16,75
DA:17,10
DA:20,11
LF:6
LH:6
end_of_record
TN:
SF:/home/ma/src/s21_sprintf.c
FN:4,s21_sprintf
FN:36,do_widht
FN:50,parser_specifier
FN:62,parser_length
FN:75,parser_sign
FN:92,parser_wight
FN:108,parser_accuracy
FN:122,specifier_c
FN:230,specifier_s
FN:255,metamorph_length
FN:263,metamorph_unsight_length
FN:271,specifier_per
FN:292,specifier_d_u
FN:414,round_number
FN:421,specifier_f
FNDA:0,s21_sprintf
FNDA:0,do_widht
FNDA:0,parser_specifier
FNDA:0,parser_length
FNDA:0,parser_sign
FNDA:0,parser_wight
FNDA:0,parser_accuracy
FNDA:0,specifier_c
FNDA:0,specifier_s
FNDA:0,metamorph_length
FNDA:0,metamorph_unsight_length
FNDA:0,specifier_per
FNDA:0,specifier_d_u
FNDA:0,round_number
FNDA:0,specifier_f
FNF:15
FNH:0
DA:4,0
DA:6,0
DA:8,0
DA:10,0
DA:11,0
DA:12,0
DA:14,0
DA:15,0
DA:16,0
DA:17,0
DA:22,0
DA:23,0
DA:24,0
DA:25,0
DA:26,0
DA:29,0
DA:30,0
DA:32,0
DA:36,0
DA:37,0
DA:38,0
DA:39,0
DA:41,0
DA:45,0
DA:46,0
DA:48,0
DA:50,0
DA:51,0
DA:52,0
DA:53,0
DA:54,0
DA:55,0
DA:56,0
DA:57,0
DA:58,0
DA:60,0
DA:62,0
DA:63,0
DA:64,0
DA:65,0
DA:66,0
DA:67,0
DA:68,0
DA:69,0
DA:71,0
DA:73,0
DA:75,0
DA:76,0
DA:77,0
DA:78,0
DA:79,0
DA:80,0
DA:81,0
DA:82,0
DA:83,0
DA:84,0
DA:85,0
DA:86,0
DA:88,0
DA:90,0
DA:92,0
DA:93,0
DA:95,0
DA:96,0
DA:97,0
DA:100,0
DA:101,0
DA:102,0
DA:105,0
DA:108,0
DA:109,0
DA:110,0
DA:111,0
DA:112,0
DA:114,0
DA:115,0
DA:116,0
DA:118,0
DA:119,0
DA:120,0
DA:122,0
DA:123,0
DA:124,0
DA:126,0
DA:127,0
DA:129,0
DA:130,0
DA:131,0
DA:134,0
DA:230,0
DA:231,0
DA:232,0
DA:233,0
DA:234,0
DA:235,0
DA:238,0
DA:239,0
DA:240,0
DA:241,0
DA:242,0
DA:245,0
DA:249,0
DA:250,0
DA:253,0
DA:255,0
DA:256,0
DA:257,0
DA:258,0
DA:259,0
DA:260,0
DA:261,0
DA:263,0
DA:264,0
DA:265,0
DA:266,0
DA:267,0
DA:268,0
DA:269,0
DA:271,0
DA:272,0
DA:274,0
DA:275,0
DA:276,0
DA:279,0
DA:280,0
DA:284,0
DA:285,0
DA:286,0
DA:290,0
DA:292,0
DA:293,0
DA:294,0
DA:295,0
DA:296,0
DA:299,0
DA:300,0
DA:301,0
DA:303,0
DA:305,0
DA:306,0
DA:309,0
DA:310,0
DA:311,0
DA:314,0
DA:315,0
DA:316,0
DA:317,0
DA:318,0
DA:319,0
DA:322,0
DA:324,0
DA:326,0
DA:327,0
DA:328,0
DA:329,0
DA:337,0
DA:338,0
DA:340,0
DA:341,0
DA:344,0
DA:345,0
DA:348,0
DA:349,0
DA:354,0
DA:414,0
DA:416,0
DA:418,0
DA:421,0
DA:422,0
DA:424,0
DA:426,0
DA:427,0
DA:430,0
DA:432,0
DA:433,0
DA:436,0
DA:438,0
DA:440,0
DA:444,0
DA:446,0
DA:447,0
DA:448,0
DA:451,0
DA:452,0
DA:455,0
DA:458,0
DA:459,0
DA:460,0
DA:461,0
DA:464,0
DA:465,0
DA:466,0
DA:467,0
DA:468,0
DA:469,0
DA:472,0
DA:474,0
DA:477,0
DA:479,0
DA:480,0
DA:481,0
DA:482,0
DA:485,0
DA:486,0
DA:488,0
DA:489,0
DA:492,0
DA:493,0
DA:496,0
DA:497,0
DA:500,0
LF:211
LH:0
end_of_record
TN:
SF:/home/ma/src/s21_strcspn.c
FN:6,s21_strcspn
FNDA:23,s21_strcspn
FNF:1
FNH:1
DA:6,23
DA:8,23
DA:10,23
DA:12,234
DA:13,716
DA:14,528
DA:16,188
DA:18,23
LF:8
LH:8
end_of_record
TN:
SF:/home/ma/src/s21_strerror.c
FN:262,s21_strerror
FNDA:4,s21_strerror
FNF:1
FNH:1
DA:262,4
DA:265,5
DA:268,1
DA:270,1
DA:271,16
DA:272,14
DA:273,14
DA:277,1
DA:279,1
DA:282,10
DA:283,10
DA:284,10
DA:287,11
DA:288,10
DA:290,1
DA:293,3
DA:294,3
DA:296,55
DA:297,49
DA:298,49
DA:300,3
DA:303,4
LF:22
LH:22
end_of_record
TN:
SF:/home/ma/src/s21_trim.c
FN:6,s21_trim
FNDA:10,s21_trim
FNF:1
FNH:1
DA:6,10
DA:7,10
DA:8,10
DA:10,10
DA:11,10
DA:12,10
DA:13,10
DA:14,10
DA:17,10
DA:18,53
DA:19,33
DA:20,100
DA:21,67
DA:22,26
DA:23,26
DA:29,10
DA:30,45
DA:31,25
DA:32,74
DA:33,49
DA:34,17
DA:35,17
DA:41,10
DA:42,10
DA:44,10
DA:46,94
DA:47,84
DA:49,10
DA:53,10
LF:29
LH:29
end_of_record
TN:
SF:/home/ma/src/strchr.c
FN:5,s21_strchr
FNDA:9,s21_strchr
FNF:1
FNH:1
DA:5,9
DA:7,83
DA:9,65
DA:11,9
LF:4
LH:4
end_of_record
TN:
SF:/home/ma/src/strlen.c
FN:7,s21_strlen
FNDA:25,s21_strlen
FNF:1
FNH:1
DA:7,25
DA:8,25
DA:9,227
DA:10,177
DA:12,25
LF:5
LH:5
end_of_record
TN:
SF:/home/ma/src/strncat.c
FN:9,s21_strncat
FNDA:8,s21_strncat
FNF:1
FNH:1
DA:9,8
DA:10,8
DA:11,8
DA:12,85
DA:13,69
DA:15,32
DA:16,24
DA:18,8
DA:19,8
LF:9
LH:9
end_of_record
TN:
SF:/home/ma/src/strncmp.c
FN:8,s21_strncmp
FNDA:10,s21_strncmp
FNF:1
FNH:1
DA:8,10
DA:9,10
DA:10,10
DA:12,40
DA:13,20
DA:14,20
DA:15,20
DA:18,10
DA:19,8
DA:22,10
LF:10
LH:10
end_of_record
TN:
SF:/home/ma/src/strncpy.c
FN:4,s21_strncpy
FNDA:8,s21_strncpy
FNF:1
FNH:1
DA:4,8
DA:5,8
DA:6,0
DA:13,84
DA:14,76
DA:16,40
DA:17,32
DA:20,8
LF:8
LH:7
end_of_record
TN:
SF:/home/ma/src/strpbrk.c
FN:7,s21_strpbrk
FNDA:10,s21_strpbrk
FNF:1
FNH:1
DA:7,10
DA:8,10
DA:9,10
DA:11,118
DA:12,198
DA:13,90
DA:14,6
DA:15,6
DA:18,108
DA:21,10
LF:10
LH:10
end_of_record
TN:
SF:/home/ma/src/strrchr.c
FN:8,s21_strrchr
FNDA:9,s21_strrchr
FNF:1
FNH:1
DA:8,9
DA:9,9
DA:12,119
DA:13,101
DA:14,10
DA:16,101
DA:18,9
LF:7
LH:7
end_of_record
TN:
SF:/home/ma/src/strstr.c
FN:8,s21_strstr
FNDA:14,s21_strstr
FNF:1
FNH:1
DA:8,14
DA:9,14
DA:10,14
DA:12,14
DA:13,0
DA:14,0
DA:17,14
DA:19,180
DA:20,152
DA:21,152
DA:22,152
DA:24,484
DA:25,180
DA:26,141
DA:28,180
DA:29,180
DA:32,152
DA:33,11
DA:34,11
DA:37,152
DA:40,14
LF:21
LH:19
end_of_record
TN:
SF:/home/ma/src/strtok.c
FN:5,s21_strtok
FNDA:6,s21_strtok
FNF:1
FNH:1
DA:5,6
DA:7,6
DA:9,6
DA:10,6
DA:13,6
DA:14,6
DA:15,6
DA:17,6
DA:18,1
DA:19,1
DA:21,5
DA:22,5
DA:23,5
DA:25,14
DA:26,4
DA:29,5
DA:30,3
DA:35,6
LF:18
LH:18
end_of_record
TN:
SF:/home/ma/src/test/test_insert.c
FN:4,insert1
FN:18,insert2
FN:27,insert3
FN:36,insert4
FN:45,insert5
FN:54,insert6
FN:63,insert7
FN:72,insert8
FN:81,insert9
FN:90,insert10
FN:99,suite_insert
FNDA:1,insert1
FNDA:1,insert2
FNDA:1,insert3
FNDA:1,insert4
FNDA:1,insert5
FNDA:1,insert6
FNDA:1,insert7
FNDA:1,insert8
FNDA:1,insert9
FNDA:1,insert10
FNDA:176,suite_insert
FNF:11
FNH:11
DA:4,1
DA:7,1
DA:8,1
DA:9,1
DA:10,1
DA:11,1
DA:12,1
DA:13,1
DA:16,2
DA:17,1
DA:18,2
DA:19,1
DA:20,1
DA:21,1
DA:22,1
DA:25,2
DA:26,1
DA:27,2
DA:28,1
DA:29,1
DA:30,1
DA:31,1
DA:34,2
DA:35,1
DA:36,2
DA:37,1
DA:38,1
DA:39,1
DA:40,1
DA:43,2
DA:44,1
DA:45,2
DA:46,1
DA:47,1
DA:48,1
DA:52,2
DA:53,1
DA:54,2
DA:55,1
DA:56,1
DA:57,1
DA:58,1
DA:61,2
DA:62,1
DA:63,2
DA:64,1
DA:65,1
DA:66,1
DA:67,1
DA:70,2
DA:71,1
DA:72,2
DA:73,1
DA:74,1
DA:75,1
DA:79,2
DA:80,1
DA:81,2
DA:82,1
DA:83,1
DA:84,1
DA:85,1
DA:88,2
DA:89,1
DA:90,2
DA:91,1
DA:92,1
DA:93,1
DA:94,1
DA:97,1
DA:99,176
DA:101,176
DA:102,176
DA:105,176
DA:106,176
DA:107,176
DA:108,176
DA:109,176
DA:110,176
DA:111,176
DA:112,176
DA:113,176
DA:114,176
DA:117,176
DA:118,176
LF:85
LH:85
end_of_record
TN:
SF:/home/ma/src/test/test_memchr.c
FN:5,memchr1
FN:17,memchr2
FN:31,memchr3
FN:45,memchr4
FN:59,memchr5
FN:73,memchr6
FN:87,memchr7
FN:101,memchr8
FN:115,memchr9
FN:129,memchr10
FN:143,memchr11
FN:156,suite_memchr
FNDA:1,memchr1
FNDA:1,memchr2
FNDA:1,memchr3
FNDA:1,memchr4
FNDA:1,memchr5
FNDA:1,memchr6
FNDA:1,memchr7
FNDA:1,memchr8
FNDA:1,memchr9
FNDA:1,memchr10
FNDA:1,memchr11
FNDA:176,suite_memchr
FNF:12
FNH:12
DA:5,1
DA:7,1
DA:8,1
DA:9,1
DA:10,1
DA:11,1
DA:12,1
DA:15,1
DA:17,1
DA:19,1
DA:20,1
DA:21,1
DA:23,1
DA:24,1
DA:26,1
DA:29,1
DA:31,1
DA:33,1
DA:34,1
DA:35,1
DA:37,1
DA:38,1
DA:40,1
DA:43,1
DA:45,1
DA:47,1
DA:48,1
DA:49,1
DA:51,1
DA:52,1
DA:54,1
DA:57,1
DA:59,1
DA:61,1
DA:62,1
DA:63,1
DA:65,1
DA:66,1
DA:68,1
DA:71,1
DA:73,1
DA:75,1
DA:76,1
DA:77,1
DA:79,1
DA:80,1
DA:82,1
DA:85,1
DA:87,1
DA:89,1
DA:90,1
DA:91,1
DA:93,1
DA:94,1
DA:96,1
DA:99,1
DA:101,1
DA:103,1
DA:104,1
DA:105,1
DA:107,1
DA:108,1
DA:110,1
DA:113,1
DA:115,1
DA:117,1
DA:118,1
DA:119,1
DA:121,1
DA:122,1
DA:124,1
DA:127,1
DA:129,1
DA:131,1
DA:132,1
DA:133,1
DA:135,1
DA:136,1
DA:138,1
DA:141,1
DA:143,1
DA:145,1
DA:146,1
DA:147,1
DA:149,1
DA:150,1
DA:152,1
DA:154,1
DA:156,176
DA:157,176
DA:158,176
DA:160,176
DA:161,176
DA:162,176
DA:163,176
DA:164,176
DA:165,176
DA:166,176
DA:167,176
DA:168,176
DA:169,176
DA:170,176
DA:171,176
DA:173,176
LF:104
LH:104
end_of_record
TN:
SF:/home/ma/src/test/test_memcmp.c
FN:4,memcmp1
FN:16,memcmp2
FN:28,memcmp3
FN:40,memcmp4
FN:52,memcmp5
FN:64,memcmp6
FN:76,memcmp7
FN:88,memcmp8
FN:100,memcmp9
FN:113,memcmp10
FN:124,suite_memcmp
FNDA:1,memcmp1
FNDA:1,memcmp2
FNDA:1,memcmp3
FNDA:1,memcmp4
FNDA:1,memcmp5
FNDA:1,memcmp6
FNDA:1,memcmp7
FNDA:1,memcmp8
FNDA:1,memcmp9
FNDA:1,memcmp10
FNDA:176,suite_memcmp
FNF:11
FNH:11
DA:4,1
DA:6,1
DA:7,1
DA:8,1
DA:10,1
DA:11,1
DA:14,1
DA:16,1
DA:18,1
DA:19,1
DA:20,1
DA:22,1
DA:23,1
DA:26,1
DA:28,1
DA:30,1
DA:31,1
DA:32,1
DA:34,1
DA:35,1
DA:38,1
DA:40,1
DA:42,1
DA:43,1
DA:44,1
DA:46,1
DA:47,1
DA:50,1
DA:52,1
DA:54,1
DA:55,1
DA:56,1
DA:58,1
DA:59,1
DA:62,1
DA:64,1
DA:66,1
DA:67,1
DA:68,1
DA:70,1
DA:71,1
DA:74,1
DA:76,1
DA:78,1
DA:79,1
DA:80,1
DA:82,1
DA:83,1
DA:86,1
DA:88,1
DA:90,1
DA:91,1
DA:92,1
DA:94,1
DA:95,1
DA:98,1
DA:100,1
DA:103,1
DA:104,1
DA:105,1
DA:107,1
DA:108,1
DA:111,1
DA:113,1
DA:115,1
DA:116,1
DA:117,1
DA:119,1
DA:120,1
DA:123,1
DA:124,176
DA:125,176
DA:126,176
DA:128,176
DA:129,176
DA:130,176
DA:131,176
DA:132,176
DA:133,176
DA:134,176
DA:135,176
DA:136,176
DA:137,176
DA:138,176
DA:140,176
LF:85
LH:85
end_of_record
TN:
SF:/home/ma/src/test/test_memcpy.c
FN:6,memcpy1
FN:15,memcpy2
FN:24,memcpy3
FN:33,memcpy4
FN:42,memcpy5
FN:51,memcpy6
FN:60,memcpy7
FN:69,memcpy8
FN:79,memcpy9
FN:88,memcpy10
FN:96,suite_memcpy
FNDA:1,memcpy1
FNDA:1,memcpy2
FNDA:1,memcpy3
FNDA:1,memcpy4
FNDA:1,memcpy5
FNDA:1,memcpy6
FNDA:1,memcpy7
FNDA:1,memcpy8
FNDA:1,memcpy9
FNDA:1,memcpy10
FNDA:176,suite_memcpy
FNF:11
FNH:11
DA:6,1
DA:8,1
DA:9,1
DA:10,1
DA:11,1
DA:13,1
DA:15,1
DA:17,1
DA:18,1
DA:19,1
DA:20,1
DA:22,1
DA:24,1
DA:26,1
DA:27,1
DA:28,1
DA:29,1
DA:31,1
DA:33,1
DA:35,1
DA:36,1
DA:37,1
DA:38,1
DA:40,1
DA:42,1
DA:44,1
DA:45,1
DA:46,1
DA:47,1
DA:49,1
DA:51,1
DA:53,1
DA:54,1
DA:55,1
DA:56,1
DA:58,1
DA:60,1
DA:62,1
DA:63,1
DA:64,1
DA:65,1
DA:67,1
DA:69,1
DA:73,1
DA:74,1
DA:75,1
DA:77,1
DA:79,1
DA:81,1
DA:82,1
DA:83,1
DA:84,1
DA:86,1
DA:88,1
DA:90,1
DA:91,1
DA:92,1
DA:93,1
DA:95,1
DA:96,176
DA:98,176
DA:99,176
DA:101,176
DA:102,176
DA:103,176
DA:104,176
DA:105,176
DA:106,176
DA:107,176
DA:108,176
DA:109,176
DA:110,176
DA:112,176
DA:113,176
LF:74
LH:74
end_of_record
TN:
SF:/home/ma/src/test/test_memset.c
FN:4,memset1
FN:15,memset2
FN:22,memset3
FN:29,memset4
FN:36,memset5
FN:43,memset6
FN:50,memset7
FN:57,memset8
FN:64,memset9
FN:71,suite_memset
FNDA:1,memset1
FNDA:1,memset2
FNDA:1,memset3
FNDA:1,memset4
FNDA:1,memset5
FNDA:1,memset6
FNDA:1,memset7
FNDA:1,memset8
FNDA:1,memset9
FNDA:176,suite_memset
FNF:10
FNH:10
DA:4,1
DA:8,1
DA:9,1
DA:10,1
DA:11,1
DA:13,1
DA:15,1
DA:16,1
DA:17,1
DA:18,1
DA:20,1
DA:22,1
DA:23,1
DA:24,1
DA:25,1
DA:27,1
DA:29,1
DA:30,1
DA:31,1
DA:32,1
DA:34,1
DA:36,1
DA:37,1
DA:38,1
DA:39,1
DA:41,1
DA:43,1
DA:44,1
DA:45,1
DA:46,1
DA:48,1
DA:50,1
DA:51,1
DA:52,1
DA:53,1
DA:55,1
DA:57,1
DA:58,1
DA:59,1
DA:60,1
DA:62,1
DA:64,1
DA:65,1
DA:66,1
DA:67,1
DA:69,1
DA:71,176
DA:72,176
DA:73,176
DA:75,176
DA:76,176
DA:77,176
DA:78,176
DA:79,176
DA:80,176
DA:81,176
DA:82,176
DA:83,176
DA:85,176
DA:86,176
LF:60
LH:60
end_of_record
TN:
SF:/home/ma/src/test/test_sprintf.c
FN:4,sprintf1
FN:16,sprintf2
FN:27,sprintf3
FN:38,sprintf4
FN:49,sprintf5
FN:60,sprintf6
FN:71,sprintf7
FN:84,sprintf8
FN:95,sprintf9
FN:106,sprintf10
FN:117,sprintf_i
FN:128,sprintf_e
FN:139,sprintf_E
FN:150,sprintf_g
FN:161,sprintf_G
FN:172,sprintf_o
FN:183,sprintf_x
FN:194,sprintf_X
FN:205,sprintf_p
FN:217,sprintf_n
FN:231,suite_sprintf
FNDA:0,sprintf1
FNDA:0,sprintf2
FNDA:0,sprintf3
FNDA:0,sprintf4
FNDA:0,sprintf5
FNDA:0,sprintf6
FNDA:0,sprintf7
FNDA:0,sprintf8
FNDA:0,sprintf9
FNDA:0,sprintf10
FNDA:0,sprintf_i
FNDA:0,sprintf_e
FNDA:0,sprintf_E
FNDA:0,sprintf_g
FNDA:0,sprintf_G
FNDA:0,sprintf_o
FNDA:0,sprintf_x
FNDA:0,sprintf_X
FNDA:0,sprintf_p
FNDA:0,sprintf_n
FNDA:0,suite_sprintf
FNF:21
FNH:0
DA:4,0
DA:7,0
DA:8,0
DA:9,0
DA:10,0
DA:11,0
DA:12,0
DA:14,0
DA:16,0
DA:19,0
DA:20,0
DA:21,0
DA:22,0
DA:23,0
DA:25,0
DA:27,0
DA:30,0
DA:31,0
DA:32,0
DA:33,0
DA:34,0
DA:36,0
DA:38,0
DA:41,0
DA:42,0
DA:43,0
DA:44,0
DA:45,0
DA:47,0
DA:49,0
DA:52,0
DA:53,0
DA:54,0
DA:55,0
DA:56,0
DA:58,0
DA:60,0
DA:63,0
DA:64,0
DA:65,0
DA:66,0
DA:67,0
DA:69,0
DA:71,0
DA:74,0
DA:75,0
DA:76,0
DA:77,0
DA:78,0
DA:79,0
DA:80,0
DA:82,0
DA:84,0
DA:87,0
DA:88,0
DA:89,0
DA:90,0
DA:91,0
DA:93,0
DA:95,0
DA:98,0
DA:99,0
DA:100,0
DA:101,0
DA:102,0
DA:104,0
DA:106,0
DA:109,0
DA:110,0
DA:111,0
DA:112,0
DA:113,0
DA:115,0
DA:117,0
DA:120,0
DA:121,0
DA:122,0
DA:123,0
DA:124,0
DA:126,0
DA:128,0
DA:131,0
DA:132,0
DA:133,0
DA:134,0
DA:135,0
DA:137,0
DA:139,0
DA:142,0
DA:143,0
DA:144,0
DA:145,0
DA:146,0
DA:148,0
DA:150,0
DA:153,0
DA:154,0
DA:155,0
DA:156,0
DA:157,0
DA:159,0
DA:161,0
DA:164,0
DA:165,0
DA:166,0
DA:167,0
DA:168,0
DA:170,0
DA:172,0
DA:175,0
DA:176,0
DA:177,0
DA:178,0
DA:179,0
DA:181,0
DA:183,0
DA:186,0
DA:187,0
DA:188,0
DA:189,0
DA:190,0
DA:192,0
DA:194,0
DA:197,0
DA:198,0
DA:199,0
DA:200,0
DA:201,0
DA:203,0
DA:205,0
DA:208,0
DA:209,0
DA:210,0
DA:211,0
DA:212,0
DA:213,0
DA:215,0
DA:217,0
DA:220,0
DA:221,0
DA:222,0
DA:223,0
DA:224,0
DA:225,0
DA:227,0
DA:231,0
DA:232,0
DA:233,0
DA:235,0
DA:236,0
DA:237,0
DA:238,0
DA:239,0
DA:240,0
DA:241,0
DA:242,0
DA:243,0
DA:244,0
DA:245,0
DA:246,0
DA:247,0
DA:248,0
DA:249,0
DA:250,0
DA:251,0
DA:252,0
DA:253,0
DA:254,0
DA:255,0
DA:256,0
LF:170
LH:0
end_of_record
TN:
SF:/home/ma/src/test/test_strchr.c
FN:4,strchr1
FN:15,strchr2
FN:20,strchr3
FN:25,strchr4
FN:30,strchr5
FN:35,strchr6
FN:40,strchr7
FN:45,strchr8
FN:50,strchr9
FN:54,suite_strchr
FNDA:1,strchr1
FNDA:1,strchr2
FNDA:1,strchr3
FNDA:1,strchr4
FNDA:1,strchr5
FNDA:1,strchr6
FNDA:1,strchr7
FNDA:1,strchr8
FNDA:1,strchr9
FNDA:176,suite_strchr
FNF:10
FNH:10
DA:4,1
DA:8,1
DA:9,1
DA:10,1
DA:13,2
DA:14,1
DA:15,2
DA:18,2
DA:19,1
DA:20,2
DA:23,2
DA:24,1
DA:25,2
DA:28,2
DA:29,1
DA:30,2
DA:33,2
DA:34,1
DA:35,2
DA:38,2
DA:39,1
DA:40,2
DA:43,2
DA:44,1
DA:45,2
DA:48,2
DA:49,1
DA:50,2
DA:52,1
DA:54,176
DA:56,176
DA:57,176
DA:59,176
DA:60,176
DA:61,176
DA:62,176
DA:63,176
DA:64,176
DA:65,176
DA:66,176
DA:67,176
DA:69,176
DA:70,176
LF:43
LH:43
end_of_record
TN:
SF:/home/ma/src/test/test_strcspn.c
FN:5,strcspn1
FN:16,strcspn2
FN:22,strcspn3
FN:28,strcspn4
FN:34,strcspn5
FN:40,strcspn6
FN:46,strcspn7
FN:52,strcspn8
FN:58,strcspn9
FN:64,strcspn10
FN:70,strcspn11
FN:74,suite_strcspn
FNDA:1,strcspn1
FNDA:1,strcspn2
FNDA:1,strcspn3
FNDA:1,strcspn4
FNDA:1,strcspn5
FNDA:1,strcspn6
FNDA:1,strcspn7
FNDA:1,strcspn8
FNDA:1,strcspn9
FNDA:1,strcspn10
FNDA:1,strcspn11
FNDA:176,suite_strcspn
FNF:12
FNH:12
DA:5,1
DA:8,1
DA:9,1
DA:10,1
DA:14,2
DA:15,1
DA:16,2
DA:20,2
DA:21,1
DA:22,2
DA:26,2
DA:27,1
DA:28,2
DA:32,2
DA:33,1
DA:34,2
DA:38,2
DA:39,1
DA:40,2
DA:44,2
DA:45,1
DA:46,2
DA:50,2
DA:51,1
DA:52,2
DA:56,2
DA:57,1
DA:58,2
DA:62,2
DA:63,1
DA:64,2
DA:68,2
DA:69,1
DA:70,2
DA:72,1
DA:74,176
DA:76,176
DA:77,176
DA:80,176
DA:81,176
DA:82,176
DA:83,176
DA:84,176
DA:85,176
DA:86,176
DA:87,176
DA:88,176
DA:89,176
DA:90,176
DA:92,176
DA:93,176
LF:51
LH:51
end_of_record
TN:
SF:/home/ma/src/test/test_strerror.c
FN:3,strerror1
FN:9,strerror2
FN:15,strerror3
FN:21,strerror4
FN:33,suite_strerror
FNDA:1,strerror1
FNDA:1,strerror2
FNDA:1,strerror3
FNDA:1,strerror4
FNDA:176,suite_strerror
FNF:5
FNH:5
DA:3,1
DA:4,1
DA:5,1
DA:7,1
DA:9,1
DA:10,1
DA:11,1
DA:13,1
DA:15,1
DA:16,1
DA:17,1
DA:19,1
DA:21,1
DA:22,1
DA:23,1
DA:25,1
DA:33,176
DA:34,176
DA:35,176
DA:37,176
DA:38,176
DA:39,176
DA:40,176
DA:43,176
DA:44,176
LF:25
LH:25
end_of_record
TN:
SF:/home/ma/src/test/test_strlen.c
FN:5,strlen1
FN:13,strlen4
FN:13,strlen3
FN:13,strlen5
FN:13,strlen2
FN:14,suite_strlen
FNDA:1,strlen1
FNDA:1,strlen5
FNDA:1,strlen4
FNDA:1,strlen3
FNDA:1,strlen2
FNDA:176,suite_strlen
FNF:6
FNH:6
DA:5,1
DA:7,5
DA:8,5
DA:11,5
DA:13,4
DA:14,176
DA:16,176
DA:17,176
DA:20,176
DA:21,176
DA:22,176
DA:23,176
DA:24,176
DA:27,176
DA:28,176
LF:15
LH:15
end_of_record
TN:
SF:/home/ma/src/test/test_strncat.c
FN:5,strncat1
FN:16,strncat2
FN:22,strncat3
FN:28,strncat4
FN:34,strncat5
FN:40,strncat6
FN:46,strncat7
FN:52,strncat8
FN:60,suite_strncat
FNDA:1,strncat1
FNDA:1,strncat2
FNDA:1,strncat3
FNDA:1,strncat4
FNDA:1,strncat5
FNDA:1,strncat6
FNDA:1,strncat7
FNDA:1,strncat8
FNDA:176,suite_strncat
FNF:9
FNH:9
DA:5,1
DA:8,1
DA:9,1
DA:10,1
DA:11,1
DA:14,2
DA:15,1
DA:16,2
DA:17,1
DA:20,2
DA:21,1
DA:22,2
DA:23,1
DA:26,2
DA:27,1
DA:28,2
DA:29,1
DA:32,2
DA:33,1
DA:34,2
DA:35,1
DA:38,2
DA:39,1
DA:40,2
DA:41,1
DA:44,2
DA:45,1
DA:46,2
DA:47,1
DA:50,2
DA:51,1
DA:52,2
DA:53,1
DA:58,1
DA:60,176
DA:61,176
DA:62,176
DA:64,176
DA:65,176
DA:66,176
DA:67,176
DA:68,176
DA:69,176
DA:70,176
DA:71,176
DA:73,176
DA:74,176
LF:47
LH:47
end_of_record
TN:
SF:/home/ma/src/test/test_strncmp.c
FN:4,strncmp1
FN:12,strncmp2
FN:20,strncmp3
FN:28,strncmp4
FN:36,strncmp5
FN:44,strncmp6
FN:52,strncmp7
FN:60,strncmp8
FN:68,strncmp9
FN:76,strncmp10
FN:84,suite_strncmp
FNDA:1,strncmp1
FNDA:1,strncmp2
FNDA:1,strncmp3
FNDA:1,strncmp4
FNDA:1,strncmp5
FNDA:1,strncmp6
FNDA:1,strncmp7
FNDA:1,strncmp8
FNDA:1,strncmp9
FNDA:1,strncmp10
FNDA:176,suite_strncmp
FNF:11
FNH:11
DA:4,1
DA:5,1
DA:6,1
DA:7,1
DA:8,1
DA:10,1
DA:12,1
DA:13,1
DA:14,1
DA:15,1
DA:16,1
DA:18,1
DA:20,1
DA:21,1
DA:22,1
DA:23,1
DA:24,1
DA:26,1
DA:28,1
DA:29,1
DA:30,1
DA:31,1
DA:32,1
DA:34,1
DA:36,1
DA:37,1
DA:38,1
DA:39,1
DA:40,1
DA:42,1
DA:44,1
DA:45,1
DA:46,1
DA:47,1
DA:48,1
DA:50,1
DA:52,1
DA:53,1
DA:54,1
DA:55,1
DA:56,1
DA:58,1
DA:60,1
DA:61,1
DA:62,1
DA:63,1
DA:64,1
DA:66,1
DA:68,1
DA:69,1
DA:70,1
DA:71,1
DA:72,1
DA:74,1
DA:76,1
DA:77,1
DA:78,1
DA:79,1
DA:80,1
DA:82,1
DA:84,176
DA:85,176
DA:86,176
DA:88,176
DA:89,176
DA:90,176
DA:91,176
DA:92,176
DA:93,176
DA:94,176
DA:95,176
DA:96,176
DA:97,176
DA:99,176
DA:100,176
LF:75
LH:75
end_of_record
TN:
SF:/home/ma/src/test/test_strncpy.c
FN:3,strncpy1
FN:17,strncpy2
FN:24,strncpy3
FN:31,strncpy4
FN:38,strncpy5
FN:45,strncpy6
FN:52,strncpy7
FN:59,strncpy8
FN:65,suite_strncpy
FNDA:1,strncpy1
FNDA:1,strncpy2
FNDA:1,strncpy3
FNDA:1,strncpy4
FNDA:1,strncpy5
FNDA:1,strncpy6
FNDA:1,strncpy7
FNDA:1,strncpy8
FNDA:176,suite_strncpy
FNF:9
FNH:9
DA:3,1
DA:8,1
DA:9,1
DA:10,1
DA:11,1
DA:15,2
DA:16,1
DA:17,2
DA:18,1
DA:22,2
DA:23,1
DA:24,2
DA:25,1
DA:29,2
DA:30,1
DA:31,2
DA:32,1
DA:36,2
DA:37,1
DA:38,2
DA:39,1
DA:43,2
DA:44,1
DA:45,2
DA:46,1
DA:50,2
DA:51,1
DA:52,2
DA:53,1
DA:57,2
DA:58,1
DA:59,2
DA:60,1
DA:63,1
DA:65,176
DA:67,176
DA:68,176
DA:70,176
DA:71,176
DA:72,176
DA:73,176
DA:74,176
DA:75,176
DA:76,176
DA:77,176
DA:80,176
DA:81,176
LF:47
LH:47
end_of_record
TN:
SF:/home/ma/src/test/test_strpbrk.c
FN:4,strpbrk1
FN:16,strpbrk2
FN:22,strpbrk3
FN:28,strpbrk4
FN:34,strpbrk5
FN:40,strpbrk6
FN:46,strpbrk7
FN:52,strpbrk8
FN:58,strpbrk9
FN:64,strpbrk10
FN:68,suite_strpbrk
FNDA:1,strpbrk1
FNDA:1,strpbrk2
FNDA:1,strpbrk3
FNDA:1,strpbrk4
FNDA:1,strpbrk5
FNDA:1,strpbrk6
FNDA:1,strpbrk7
FNDA:1,strpbrk8
FNDA:1,strpbrk9
FNDA:1,strpbrk10
FNDA:176,suite_strpbrk
FNF:11
FNH:11
DA:4,1
DA:8,1
DA:9,1
DA:10,1
DA:14,2
DA:15,1
DA:16,2
DA:20,2
DA:21,1
DA:22,2
DA:26,2
DA:27,1
DA:28,2
DA:32,2
DA:33,1
DA:34,2
DA:38,2
DA:39,1
DA:40,2
DA:44,2
DA:45,1
DA:46,2
DA:50,2
DA:51,1
DA:52,2
DA:56,2
DA:57,1
DA:58,2
DA:62,2
DA:63,1
DA:64,2
DA:66,1
DA:68,176
DA:70,176
DA:71,176
DA:73,176
DA:74,176
DA:75,176
DA:76,176
DA:77,176
DA:78,176
DA:79,176
DA:80,176
DA:81,176
DA:82,176
DA:85,176
DA:86,176
LF:47
LH:47
end_of_record
TN:
SF:/home/ma/src/test/test_strrchr.c
FN:5,strrchr1
FN:15,strrchr2
FN:20,strrchr3
FN:35,strrchr5
FN:45,strrchr7
FN:45,strrchr8
FN:50,strrchr9
FN:55,strrchr10
FN:60,strrchr11
FN:64,suite_strrchr
FNDA:1,strrchr1
FNDA:1,strrchr2
FNDA:1,strrchr3
FNDA:1,strrchr5
FNDA:1,strrchr8
FNDA:1,strrchr7
FNDA:1,strrchr9
FNDA:1,strrchr10
FNDA:1,strrchr11
FNDA:176,suite_strrchr
FNF:10
FNH:10
DA:5,1
DA:8,1
DA:9,1
DA:10,1
DA:13,2
DA:14,1
DA:15,2
DA:18,2
DA:19,1
DA:20,2
DA:23,1
DA:28,1
DA:29,1
DA:30,1
DA:33,1
DA:35,1
DA:38,1
DA:39,1
DA:40,1
DA:43,2
DA:44,1
DA:45,3
DA:48,2
DA:49,1
DA:50,2
DA:53,2
DA:54,1
DA:55,2
DA:58,2
DA:59,1
DA:60,2
DA:62,1
DA:64,176
DA:66,176
DA:67,176
DA:70,176
DA:71,176
DA:72,176
DA:74,176
DA:76,176
DA:77,176
DA:78,176
DA:79,176
DA:80,176
DA:82,176
DA:83,176
LF:46
LH:46
end_of_record
TN:
SF:/home/ma/src/test/test_strstr.c
FN:3,strstr_1
FN:10,strstr_2
FN:17,strstr_3
FN:24,strstr_4
FN:31,strstr_5
FN:38,strstr_6
FN:45,strstr_7
FN:52,strstr_8
FN:59,strstr_9
FN:68,strstr_12
FN:78,strstr_15
FN:85,strstr_16
FN:92,strstr_17
FN:99,strstr_18
FN:107,suite_strstr
FNDA:1,strstr_1
FNDA:1,strstr_2
FNDA:1,strstr_3
FNDA:1,strstr_4
FNDA:1,strstr_5
FNDA:1,strstr_6
FNDA:1,strstr_7
FNDA:1,strstr_8
FNDA:1,strstr_9
FNDA:1,strstr_12
FNDA:1,strstr_15
FNDA:1,strstr_16
FNDA:1,strstr_17
FNDA:1,strstr_18
FNDA:176,suite_strstr
FNF:15
FNH:15
DA:3,1
DA:4,1
DA:5,1
DA:6,1
DA:8,1
DA:10,1
DA:11,1
DA:12,1
DA:13,1
DA:15,1
DA:17,1
DA:18,1
DA:19,1
DA:20,1
DA:22,1
DA:24,1
DA:25,1
DA:26,1
DA:27,1
DA:29,1
DA:31,1
DA:32,1
DA:33,1
DA:34,1
DA:36,1
DA:38,1
DA:39,1
DA:40,1
DA:41,1
DA:43,1
DA:45,1
DA:46,1
DA:47,1
DA:48,1
DA:50,1
DA:52,1
DA:53,1
DA:54,1
DA:55,1
DA:57,1
DA:59,1
DA:60,1
DA:61,1
DA:62,1
DA:64,1
DA:68,1
DA:69,1
DA:70,1
DA:71,1
DA:73,1
DA:78,1
DA:79,1
DA:80,1
DA:81,1
DA:83,1
DA:85,1
DA:86,1
DA:87,1
DA:88,1
DA:90,1
DA:92,1
DA:93,1
DA:94,1
DA:95,1
DA:97,1
DA:99,1
DA:100,1
DA:101,1
DA:102,1
DA:104,1
DA:107,176
DA:108,176
DA:109,176
DA:110,176
DA:111,176
DA:112,176
DA:113,176
DA:114,176
DA:115,176
DA:116,176
DA:117,176
DA:118,176
DA:120,176
DA:122,176
DA:123,176
DA:124,176
DA:125,176
DA:127,176
DA:128,176
LF:89
LH:89
end_of_record
TN:
SF:/home/ma/src/test/test_strtok.c
FN:5,assert_strtok
FN:9,strtok1
FN:17,strtok2
FN:25,strtok3
FN:33,strtok4
FN:41,strtok5
FN:49,strtok6
FN:57,strtok7
FN:66,suite_strtok
FNDA:6,assert_strtok
FNDA:1,strtok1
FNDA:1,strtok2
FNDA:1,strtok3
FNDA:1,strtok4
FNDA:1,strtok5
FNDA:1,strtok6
FNDA:1,strtok7
FNDA:176,suite_strtok
FNF:9
FNH:9
DA:5,6
DA:6,6
DA:7,6
DA:9,1
DA:10,1
DA:11,1
DA:12,1
DA:13,1
DA:15,1
DA:17,1
DA:18,1
DA:19,1
DA:20,1
DA:21,1
DA:23,1
DA:25,1
DA:26,1
DA:27,1
DA:28,1
DA:29,1
DA:31,1
DA:33,1
DA:34,1
DA:35,1
DA:36,1
DA:37,1
DA:39,1
DA:41,1
DA:42,1
DA:43,1
DA:44,1
DA:45,1
DA:47,1
DA:49,1
DA:50,1
DA:51,1
DA:52,1
DA:53,1
DA:55,1
DA:57,1
DA:58,1
DA:59,1
DA:60,1
DA:61,1
DA:62,1
DA:64,1
DA:66,176
DA:67,176
DA:68,176
DA:70,176
DA:71,176
DA:72,176
DA:73,176
DA:74,176
DA:75,176
DA:76,176
DA:78,176
DA:79,176
LF:58
LH:58
end_of_record
TN:
SF:/home/ma/src/test/test_to_lower.c
FN:7,to_lower1
FN:17,to_lower2
FN:28,to_lower3
FN:38,to_lower4
FN:49,to_lower5
FN:59,to_lower6
FN:69,to_lower7
FN:79,to_lower8
FN:89,to_lower9
FN:99,to_lower10
FN:109,to_lower11
FN:119,suite_to_lower
FNDA:1,to_lower1
FNDA:1,to_lower2
FNDA:1,to_lower3
FNDA:1,to_lower4
FNDA:1,to_lower5
FNDA:1,to_lower6
FNDA:1,to_lower7
FNDA:1,to_lower8
FNDA:1,to_lower9
FNDA:1,to_lower10
FNDA:1,to_lower11
FNDA:176,suite_to_lower
FNF:12
FNH:12
DA:7,1
DA:8,1
DA:9,1
DA:10,1
DA:11,1
DA:12,1
DA:13,1
DA:15,1
DA:17,1
DA:18,1
DA:19,1
DA:20,1
DA:21,1
DA:22,1
DA:23,1
DA:24,1
DA:26,1
DA:28,1
DA:29,1
DA:30,1
DA:31,1
DA:32,1
DA:33,1
DA:34,1
DA:36,1
DA:38,1
DA:39,1
DA:40,1
DA:41,1
DA:42,1
DA:43,1
DA:44,1
DA:45,1
DA:47,1
DA:49,1
DA:50,1
DA:51,1
DA:52,1
DA:53,1
DA:54,1
DA:55,1
DA:57,1
DA:59,1
DA:60,1
DA:61,1
DA:62,1
DA:63,1
DA:64,1
DA:65,1
DA:67,1
DA:69,1
DA:70,1
DA:71,1
DA:72,1
DA:73,1
DA:74,1
DA:75,1
DA:77,1
DA:79,1
DA:80,1
DA:81,1
DA:82,1
DA:83,1
DA:84,1
DA:85,1
DA:87,1
DA:89,1
DA:90,1
DA:91,1
DA:92,1
DA:93,1
DA:94,1
DA:95,1
DA:97,1
DA:99,1
DA:100,1
DA:101,1
DA:102,1
DA:103,1
DA:104,1
DA:105,1
DA:107,1
DA:109,1
DA:110,1
DA:111,1
DA:112,1
DA:113,1
DA:114,1
DA:115,1
DA:117,1
DA:119,176
DA:120,176
DA:121,176
DA:123,176
DA:124,176
DA:125,176
DA:126,176
DA:127,176
DA:128,176
DA:129,176
DA:130,176
DA:131,176
DA:132,176
DA:133,176
DA:135,176
DA:136,176
LF:106
LH:106
end_of_record
TN:
SF:/home/ma/src/test/test_to_upper.c
FN:7,to_upper1
FN:17,to_upper2
FN:25,to_upper3
FN:33,to_upper4
FN:41,to_upper5
FN:49,to_upper6
FN:57,to_upper7
FN:65,to_upper8
FN:73,to_upper9
FN:80,suite_to_upper
FNDA:1,to_upper1
FNDA:1,to_upper2
FNDA:1,to_upper3
FNDA:1,to_upper4
FNDA:1,to_upper5
FNDA:1,to_upper6
FNDA:1,to_upper7
FNDA:1,to_upper8
FNDA:1,to_upper9
FNDA:176,suite_to_upper
FNF:10
FNH:10
DA:7,1
DA:8,1
DA:9,1
DA:10,1
DA:11,1
DA:12,1
DA:15,2
DA:16,1
DA:17,2
DA:18,1
DA:19,1
DA:20,1
DA:23,2
DA:24,1
DA:25,2
DA:26,1
DA:27,1
DA:28,1
DA:31,2
DA:32,1
DA:33,2
DA:34,1
DA:35,1
DA:36,1
DA:39,2
DA:40,1
DA:41,2
DA:42,1
DA:43,1
DA:44,1
DA:47,2
DA:48,1
DA:49,2
DA:50,1
DA:51,1
DA:52,1
DA:55,2
DA:56,1
DA:57,2
DA:58,1
DA:59,1
DA:60,1
DA:63,2
DA:64,1
DA:65,2
DA:66,1
DA:67,1
DA:68,1
DA:71,2
DA:72,1
DA:73,2
DA:74,1
DA:75,1
DA:76,1
DA:78,1
DA:80,176
DA:83,176
DA:84,176
DA:86,176
DA:87,176
DA:88,176
DA:89,176
DA:90,176
DA:91,176
DA:92,176
DA:93,176
DA:94,176
DA:96,176
DA:97,176
LF:69
LH:69
end_of_record
TN:
SF:/home/ma/src/test/test_trim.c
FN:5,trim1
FN:17,trim2
FN:25,trim3
FN:33,trim4
FN:41,trim5
FN:49,trim6
FN:57,trim7
FN:65,trim8
FN:73,trim9
FN:81,trim10
FN:88,suite_trim
FNDA:1,trim1
FNDA:1,trim2
FNDA:1,trim3
FNDA:1,trim4
FNDA:1,trim5
FNDA:1,trim6
FNDA:1,trim7
FNDA:1,trim8
FNDA:1,trim9
FNDA:1,trim10
FNDA:176,suite_trim
FNF:11
FNH:11
DA:5,1
DA:7,1
DA:8,1
DA:9,1
DA:10,1
DA:11,1
DA:12,1
DA:15,2
DA:16,1
DA:17,2
DA:18,1
DA:19,1
DA:20,1
DA:23,2
DA:24,1
DA:25,2
DA:26,1
DA:27,1
DA:28,1
DA:31,2
DA:32,1
DA:33,2
DA:34,1
DA:35,1
DA:36,1
DA:39,2
DA:40,1
DA:41,2
DA:42,1
DA:43,1
DA:44,1
DA:47,2
DA:48,1
DA:49,2
DA:50,1
DA:51,1
DA:52,1
DA:55,2
DA:56,1
DA:57,2
DA:58,1
DA:59,1
DA:60,1
DA:63,2
DA:64,1
DA:65,2
DA:66,1
DA:67,1
DA:68,1
DA:71,2
DA:72,1
DA:73,2
DA:74,1
DA:75,1
DA:76,1
DA:79,2
DA:80,1
DA:81,2
DA:82,1
DA:83,1
DA:84,1
DA:86,1
DA:88,176
DA:90,176
DA:91,176
DA:93,176
DA:94,176
DA:95,176
DA:96,176
DA:97,176
DA:98,176
DA:99,176
DA:100,176
DA:101,176
DA:102,176
DA:105,176
DA:106,176
LF:77
LH:77
end_of_record
TN:
SF:/home/ma/src/to_lower.c
FN:8,s21_to_lower
FNDA:11,s21_to_lower
FNF:1
FNH:1
DA:8,11
DA:9,11
DA:10,11
DA:12,11
DA:14,1985
DA:15,59
DA:16,59
DA:17,11
DA:20,939
DA:25,11
DA:26,11
DA:27,1009
DA:28,998
DA:29,201
DA:31,797
DA:36,11
LF:16
LH:16
end_of_record
TN:
SF:/home/ma/src/to_upper.c
FN:11,s21_to_upper
FNDA:9,s21_to_upper
FNF:1
FNH:1
DA:11,9
DA:12,9
DA:14,9
DA:16,9
DA:17,99
DA:18,81
DA:22,9
DA:23,9
DA:25,90
DA:26,81
DA:27,47
DA:29,34
DA:32,9
DA:33,9
DA:36,9
LF:15
LH:15
end_of_record
